# JRE version: OpenJDK Runtime Environment (8.0_242-b01) (build 1.8.0_242-release-1644-b01)
# Java VM: OpenJDK 64-Bit Server VM (25.242-b01 mixed mode windows-amd64 compressed oops)
Heap:
 PSYoungGen      total 435200K, used 65940K [0x00000000d5580000, 0x00000000f1d80000, 0x0000000100000000)
  eden space 409600K, 16% used [0x00000000d5580000,0x00000000d95e53a8,0x00000000ee580000)
  from space 25600K, 0% used [0x00000000f0480000,0x00000000f0480000,0x00000000f1d80000)
  to   space 28672K, 0% used [0x00000000ee580000,0x00000000ee580000,0x00000000f0180000)
 ParOldGen       total 306176K, used 158358K [0x0000000080000000, 0x0000000092b00000, 0x00000000d5580000)
  object space 306176K, 51% used [0x0000000080000000,0x0000000089aa5828,0x0000000092b00000)
 Metaspace       used 98545K, capacity 103234K, committed 104064K, reserved 1138688K
  class space    used 13093K, capacity 14011K, committed 14208K, reserved 1048576K
GC Heap History (10 events):
Event: 129.954 GC heap before
{Heap before GC invocations=18 (full 4):
 PSYoungGen      total 435200K, used 25586K [0x00000000d5580000, 0x00000000f1d80000, 0x0000000100000000)
  eden space 409600K, 0% used [0x00000000d5580000,0x00000000d5580000,0x00000000ee580000)
  from space 25600K, 99% used [0x00000000f0480000,0x00000000f1d7cbd8,0x00000000f1d80000)
  to   space 28672K, 0% used [0x00000000ee580000,0x00000000ee580000,0x00000000f0180000)
 ParOldGen       total 97792K, used 87997K [0x0000000080000000, 0x0000000085f80000, 0x00000000d5580000)
  object space 97792K, 89% used [0x0000000080000000,0x00000000855ef758,0x0000000085f80000)
 Metaspace       used 93476K, capacity 98372K, committed 98380K, reserved 1134592K
  class space    used 12610K, capacity 13560K, committed 13568K, reserved 1048576K
Event: 133.515 GC heap after
Heap after GC invocations=18 (full 4):
 PSYoungGen      total 435200K, used 0K [0x00000000d5580000, 0x00000000f1d80000, 0x0000000100000000)
  eden space 409600K, 0% used [0x00000000d5580000,0x00000000d5580000,0x00000000ee580000)
  from space 25600K, 0% used [0x00000000f0480000,0x00000000f0480000,0x00000000f1d80000)
  to   space 28672K, 0% used [0x00000000ee580000,0x00000000ee580000,0x00000000f0180000)
 ParOldGen       total 168960K, used 85755K [0x0000000080000000, 0x000000008a500000, 0x00000000d5580000)
  object space 168960K, 50% used [0x0000000080000000,0x00000000853beef0,0x000000008a500000)
 Metaspace       used 92954K, capacity 96964K, committed 98380K, reserved 1134592K
  class space    used 12436K, capacity 13252K, committed 13568K, reserved 1048576K
}
Event: 166.540 GC heap before
{Heap before GC invocations=19 (full 4):
 PSYoungGen      total 435200K, used 409320K [0x00000000d5580000, 0x00000000f1d80000, 0x0000000100000000)
  eden space 409600K, 99% used [0x00000000d5580000,0x00000000ee53a3d8,0x00000000ee580000)
  from space 25600K, 0% used [0x00000000f0480000,0x00000000f0480000,0x00000000f1d80000)
  to   space 28672K, 0% used [0x00000000ee580000,0x00000000ee580000,0x00000000f0180000)
 ParOldGen       total 168960K, used 85755K [0x0000000080000000, 0x000000008a500000, 0x00000000d5580000)
  object space 168960K, 50% used [0x0000000080000000,0x00000000853beef0,0x000000008a500000)
 Metaspace       used 98666K, capacity 103894K, committed 104064K, reserved 1138688K
  class space    used 13185K, capacity 14175K, committed 14208K, reserved 1048576K
Event: 167.402 GC heap after
Heap after GC invocations=19 (full 4):
 PSYoungGen      total 438272K, used 28661K [0x00000000d5580000, 0x00000000f1d80000, 0x0000000100000000)
  eden space 409600K, 0% used [0x00000000d5580000,0x00000000d5580000,0x00000000ee580000)
  from space 28672K, 99% used [0x00000000ee580000,0x00000000f017d488,0x00000000f0180000)
  to   space 25600K, 0% used [0x00000000f0480000,0x00000000f0480000,0x00000000f1d80000)
 ParOldGen       total 168960K, used 144121K [0x0000000080000000, 0x000000008a500000, 0x00000000d5580000)
  object space 168960K, 85% used [0x0000000080000000,0x0000000088cbe7c0,0x000000008a500000)
 Metaspace       used 98666K, capacity 103894K, committed 104064K, reserved 1138688K
  class space    used 13185K, capacity 14175K, committed 14208K, reserved 1048576K
}
Event: 167.403 GC heap before
{Heap before GC invocations=20 (full 5):
 PSYoungGen      total 438272K, used 28661K [0x00000000d5580000, 0x00000000f1d80000, 0x0000000100000000)
  eden space 409600K, 0% used [0x00000000d5580000,0x00000000d5580000,0x00000000ee580000)
  from space 28672K, 99% used [0x00000000ee580000,0x00000000f017d488,0x00000000f0180000)
  to   space 25600K, 0% used [0x00000000f0480000,0x00000000f0480000,0x00000000f1d80000)
 ParOldGen       total 168960K, used 144121K [0x0000000080000000, 0x000000008a500000, 0x00000000d5580000)
  object space 168960K, 85% used [0x0000000080000000,0x0000000088cbe7c0,0x000000008a500000)
 Metaspace       used 98666K, capacity 103894K, committed 104064K, reserved 1138688K
  class space    used 13185K, capacity 14175K, committed 14208K, reserved 1048576K
Event: 177.742 GC heap after
Heap after GC invocations=20 (full 5):
 PSYoungGen      total 438272K, used 0K [0x00000000d5580000, 0x00000000f1d80000, 0x0000000100000000)
  eden space 409600K, 0% used [0x00000000d5580000,0x00000000d5580000,0x00000000ee580000)
  from space 28672K, 0% used [0x00000000ee580000,0x00000000ee580000,0x00000000f0180000)
  to   space 25600K, 0% used [0x00000000f0480000,0x00000000f0480000,0x00000000f1d80000)
 ParOldGen       total 259584K, used 148639K [0x0000000080000000, 0x000000008fd80000, 0x00000000d5580000)
  object space 259584K, 57% used [0x0000000080000000,0x0000000089127c08,0x000000008fd80000)
 Metaspace       used 98397K, capacity 103158K, committed 104064K, reserved 1138688K
  class space    used 13090K, capacity 14009K, committed 14208K, reserved 1048576K
}
Event: 197.664 GC heap before
{Heap before GC invocations=21 (full 5):
 PSYoungGen      total 438272K, used 409600K [0x00000000d5580000, 0x00000000f1d80000, 0x0000000100000000)
  eden space 409600K, 100% used [0x00000000d5580000,0x00000000ee580000,0x00000000ee580000)
  from space 28672K, 0% used [0x00000000ee580000,0x00000000ee580000,0x00000000f0180000)
  to   space 25600K, 0% used [0x00000000f0480000,0x00000000f0480000,0x00000000f1d80000)
 ParOldGen       total 259584K, used 148639K [0x0000000080000000, 0x000000008fd80000, 0x00000000d5580000)
  object space 259584K, 57% used [0x0000000080000000,0x0000000089127c08,0x000000008fd80000)
 Metaspace       used 98541K, capacity 103234K, committed 104064K, reserved 1138688K
  class space    used 13093K, capacity 14011K, committed 14208K, reserved 1048576K
Event: 199.752 GC heap after
Heap after GC invocations=21 (full 5):
 PSYoungGen      total 435200K, used 25592K [0x00000000d5580000, 0x00000000f1d80000, 0x0000000100000000)
  eden space 409600K, 0% used [0x00000000d5580000,0x00000000d5580000,0x00000000ee580000)
  from space 25600K, 99% used [0x00000000f0480000,0x00000000f1d7e178,0x00000000f1d80000)
  to   space 28672K, 0% used [0x00000000ee580000,0x00000000ee580000,0x00000000f0180000)
 ParOldGen       total 259584K, used 220843K [0x0000000080000000, 0x000000008fd80000, 0x00000000d5580000)
  object space 259584K, 85% used [0x0000000080000000,0x000000008d7aace8,0x000000008fd80000)
 Metaspace       used 98541K, capacity 103234K, committed 104064K, reserved 1138688K
  class space    used 13093K, capacity 14011K, committed 14208K, reserved 1048576K
}
Event: 199.752 GC heap before
{Heap before GC invocations=22 (full 6):
 PSYoungGen      total 435200K, used 25592K [0x00000000d5580000, 0x00000000f1d80000, 0x0000000100000000)
  eden space 409600K, 0% used [0x00000000d5580000,0x00000000d5580000,0x00000000ee580000)
  from space 25600K, 99% used [0x00000000f0480000,0x00000000f1d7e178,0x00000000f1d80000)
  to   space 28672K, 0% used [0x00000000ee580000,0x00000000ee580000,0x00000000f0180000)
 ParOldGen       total 259584K, used 220843K [0x0000000080000000, 0x000000008fd80000, 0x00000000d5580000)
  object space 259584K, 85% used [0x0000000080000000,0x000000008d7aace8,0x000000008fd80000)
 Metaspace       used 98541K, capacity 103234K, committed 104064K, reserved 1138688K
  class space    used 13093K, capacity 14011K, committed 14208K, reserved 1048576K
Event: 211.925 GC heap after
Heap after GC invocations=22 (full 6):
 PSYoungGen      total 435200K, used 0K [0x00000000d5580000, 0x00000000f1d80000, 0x0000000100000000)
  eden space 409600K, 0% used [0x00000000d5580000,0x00000000d5580000,0x00000000ee580000)
  from space 25600K, 0% used [0x00000000f0480000,0x00000000f0480000,0x00000000f1d80000)
  to   space 28672K, 0% used [0x00000000ee580000,0x00000000ee580000,0x00000000f0180000)
 ParOldGen       total 306176K, used 158358K [0x0000000080000000, 0x0000000092b00000, 0x00000000d5580000)
  object space 306176K, 51% used [0x0000000080000000,0x0000000089aa5828,0x0000000092b00000)
 Metaspace       used 98541K, capacity 103234K, committed 104064K, reserved 1138688K
  class space    used 13093K, capacity 14011K, committed 14208K, reserved 1048576K
}

